<?xml version="1.0" encoding="UTF-8"?>
<testng-results skipped="0" failed="0" ignored="0" total="1" passed="1">
  <reporter-output>
  </reporter-output>
  <suite name="Default suite" duration-ms="4059" started-at="2018-07-04T11:19:04Z" finished-at="2018-07-04T11:19:08Z">
    <groups>
    </groups>
    <test name="Default test" duration-ms="4059" started-at="2018-07-04T11:19:04Z" finished-at="2018-07-04T11:19:08Z">
      <class name="com.qa.test.PostApiTest">
        <test-method status="PASS" signature="setUP()[pri:0, instance:com.qa.test.PostApiTest@475530b9]" name="setUP" is-config="true" duration-ms="11" started-at="2018-07-04T11:19:04Z" finished-at="2018-07-04T11:19:04Z">
          <reporter-output>
          </reporter-output>
        </test-method> <!-- setUP -->
        <test-method status="PASS" signature="postAPITest()[pri:0, instance:com.qa.test.PostApiTest@475530b9]" name="postAPITest" duration-ms="3969" started-at="2018-07-04T11:19:04Z" finished-at="2018-07-04T11:19:08Z">
          <reporter-output>
          </reporter-output>
        </test-method> <!-- postAPITest -->
      </class> <!-- com.qa.test.PostApiTest -->
    </test> <!-- Default test -->
  </suite> <!-- Default suite -->
</testng-results>
