<?xml version="1.0" encoding="UTF-8"?>
<testng-results skipped="0" failed="0" ignored="0" total="2" passed="2">
  <reporter-output>
  </reporter-output>
  <suite name="Default suite" duration-ms="54744" started-at="2018-06-24T10:23:01Z" finished-at="2018-06-24T10:23:55Z">
    <groups>
    </groups>
    <test name="Default test" duration-ms="54744" started-at="2018-06-24T10:23:01Z" finished-at="2018-06-24T10:23:55Z">
      <class name="com.crm.qa.logs.LoginTest">
        <test-method status="PASS" signature="setUp()[pri:0, instance:com.crm.qa.logs.LoginTest@527740a2]" name="setUp" is-config="true" duration-ms="23862" started-at="2018-06-24T10:23:01Z" finished-at="2018-06-24T10:23:25Z">
          <reporter-output>
          </reporter-output>
        </test-method> <!-- setUp -->
        <test-method status="PASS" signature="freeCrmTitleTest()[pri:1, instance:com.crm.qa.logs.LoginTest@527740a2]" name="freeCrmTitleTest" duration-ms="77" started-at="2018-06-24T10:23:25Z" finished-at="2018-06-24T10:23:25Z">
          <reporter-output>
          </reporter-output>
        </test-method> <!-- freeCrmTitleTest -->
        <test-method status="PASS" signature="tearDown()[pri:0, instance:com.crm.qa.logs.LoginTest@527740a2]" name="tearDown" is-config="true" duration-ms="473" started-at="2018-06-24T10:23:25Z" finished-at="2018-06-24T10:23:25Z">
          <reporter-output>
          </reporter-output>
        </test-method> <!-- tearDown -->
        <test-method status="PASS" signature="setUp()[pri:0, instance:com.crm.qa.logs.LoginTest@527740a2]" name="setUp" is-config="true" duration-ms="29573" started-at="2018-06-24T10:23:25Z" finished-at="2018-06-24T10:23:55Z">
          <reporter-output>
          </reporter-output>
        </test-method> <!-- setUp -->
        <test-method status="PASS" signature="freeCrmLogoTest()[pri:2, instance:com.crm.qa.logs.LoginTest@527740a2]" name="freeCrmLogoTest" duration-ms="127" started-at="2018-06-24T10:23:55Z" finished-at="2018-06-24T10:23:55Z">
          <reporter-output>
          </reporter-output>
        </test-method> <!-- freeCrmLogoTest -->
        <test-method status="PASS" signature="tearDown()[pri:0, instance:com.crm.qa.logs.LoginTest@527740a2]" name="tearDown" is-config="true" duration-ms="584" started-at="2018-06-24T10:23:55Z" finished-at="2018-06-24T10:23:55Z">
          <reporter-output>
          </reporter-output>
        </test-method> <!-- tearDown -->
      </class> <!-- com.crm.qa.logs.LoginTest -->
    </test> <!-- Default test -->
  </suite> <!-- Default suite -->
</testng-results>
